<?xml version="1.0" encoding="UTF-8"?>
<!-- Generated by org.testng.reporters.JUnitReportReporter -->
<testsuite skipped="0" hostname="IBM925-PC0GJ3K1" name="mavenProject.Google" tests="1" failures="0" timestamp="07 Mar 2019 09:51:04 GMT" time="0.017" errors="0">
  <testcase name="LaunchTest" time="0.017" classname="mavenProject.Google"/>
</testsuite> <!-- mavenProject.Google -->
